<?xml version="1.0" encoding="UTF-8"?>
<!-- Generated by org.testng.reporters.JUnitXMLReporter -->
<testsuite ignored="0" hostname="LenovoIdeaPad" failures="2" tests="3" name="POMframework for Login" time="17.622" errors="0" timestamp="2023-12-08T15:02:50 IST">
  <testcase classname="tests.LoginPageTest" name="test_login" time="3.31">
    <failure type="java.lang.AssertionError" message="expected [admin@gmail.com] but found [My Account]">
      <![CDATA[java.lang.AssertionError: expected [admin@gmail.com] but found [My Account]
at tests.LoginPageTest.test_login(LoginPageTest.java:42)
at java.base/java.util.ArrayList.forEach(ArrayList.java:1511)
... Removed 33 stack frames]]>
    </failure>
  </testcase> <!-- test_login -->
  <testcase classname="tests.LoginPageTest" name="test_login" time="4.582"/>
  <testcase classname="tests.LoginPageTest" name="test_login" time="3.488">
    <failure type="java.lang.AssertionError" message="expected [group5@gmail.com] but found [My Account]">
      <![CDATA[java.lang.AssertionError: expected [group5@gmail.com] but found [My Account]
at tests.LoginPageTest.test_login(LoginPageTest.java:42)
at java.base/java.util.ArrayList.forEach(ArrayList.java:1511)
... Removed 33 stack frames]]>
    </failure>
  </testcase> <!-- test_login -->
</testsuite> <!-- POMframework for Login -->
